#
# There is insufficient memory for the Java Runtime Environment to continue.
# Native memory allocation (malloc) failed to allocate 470256 bytes. Error detail: Chunk::new
# Possible reasons:
#   The system is out of physical RAM or swap space
#   This process is running with CompressedOops enabled, and the Java Heap may be blocking the growth of the native heap
# Possible solutions:
#   Reduce memory load on the system
#   Increase physical memory or swap space
#   Check if swap backing store is full
#   Decrease Java heap size (-Xmx/-Xms)
#   Decrease number of Java threads
#   Decrease Java thread stack sizes (-Xss)
#   Set larger code cache with -XX:ReservedCodeCacheSize=
#   JVM is running with Unscaled Compressed Oops mode in which the Java heap is
#     placed in the first 4GB address space. The Java Heap base address is the
#     maximum limit for the native heap growth. Please use -XX:HeapBaseMinAddress
#     to set the Java Heap base and to place the Java Heap above 4GB virtual address.
# This output file may be truncated or incomplete.
#
#  Out of Memory Error (arena.cpp:168), pid=132632, tid=131900
#
# JRE version: OpenJDK Runtime Environment (21.0.3) (build 21.0.3+-12282718-b509.11)
# Java VM: OpenJDK 64-Bit Server VM (21.0.3+-12282718-b509.11, mixed mode, tiered, compressed oops, compressed class ptrs, g1 gc, windows-amd64)
# No core dump will be written. Minidumps are not enabled by default on client versions of Windows
#

---------------  S U M M A R Y ------------

Command Line: --add-opens=java.base/java.util=ALL-UNNAMED --add-opens=java.base/java.lang=ALL-UNNAMED --add-opens=java.base/java.lang.invoke=ALL-UNNAMED --add-opens=java.prefs/java.util.prefs=ALL-UNNAMED --add-exports=jdk.compiler/com.sun.tools.javac.api=ALL-UNNAMED --add-exports=jdk.compiler/com.sun.tools.javac.util=ALL-UNNAMED --add-opens=java.base/java.nio.charset=ALL-UNNAMED --add-opens=java.base/java.net=ALL-UNNAMED --add-opens=java.base/java.util.concurrent.atomic=ALL-UNNAMED -Xmx2048m -Dfile.encoding=UTF-8 -Duser.country=IE -Duser.language=en -Duser.variant -javaagent:C:\Users\china\.gradle\wrapper\dists\gradle-8.9-bin\90cnw93cvbtalezasaz0blq0a\gradle-8.9\lib\agents\gradle-instrumentation-agent-8.9.jar org.gradle.launcher.daemon.bootstrap.GradleDaemon 8.9

Host: 12th Gen Intel(R) Core(TM) i7-1255U, 12 cores, 7G,  Windows 11 , 64 bit Build 22621 (10.0.22621.4391)
Time: Tue Jan  7 06:09:45 2025 GMT Standard Time elapsed time: 53.510139 seconds (0d 0h 0m 53s)

---------------  T H R E A D  ---------------

Current thread (0x000002752c4f2590):  JavaThread "C2 CompilerThread0" daemon [_thread_in_native, id=131900, stack(0x000000b5fff00000,0x000000b600000000) (1024K)]


Current CompileTask:
C2:  53514 3701  s!   4       jdk.internal.loader.URLClassPath::getLoader (194 bytes)

Stack: [0x000000b5fff00000,0x000000b600000000]
Native frames: (J=compiled Java code, j=interpreted, Vv=VM code, C=native code)
V  [jvm.dll+0x6cafb9]
V  [jvm.dll+0x858523]
V  [jvm.dll+0x85aa7e]
V  [jvm.dll+0x85b163]
V  [jvm.dll+0x27d356]
V  [jvm.dll+0xbf93d]
V  [jvm.dll+0xbfe73]
V  [jvm.dll+0x3b1cb1]
V  [jvm.dll+0x37e787]
V  [jvm.dll+0x37dbfa]
V  [jvm.dll+0x246b02]
V  [jvm.dll+0x2460d1]
V  [jvm.dll+0x1c5804]
V  [jvm.dll+0x25575c]
V  [jvm.dll+0x253c36]
V  [jvm.dll+0x3ec996]
V  [jvm.dll+0x800d78]
V  [jvm.dll+0x6c98cd]
C  [ucrtbase.dll+0x29333]
C  [KERNEL32.DLL+0x1259d]
C  [ntdll.dll+0x5af38]


---------------  P R O C E S S  ---------------

Threads class SMR info:
_java_thread_list=0x0000027533139dd0, length=32, elements={
0x0000027512482b20, 0x000002752c4c9a40, 0x000002752c4ca5a0, 0x000002752c4ef8e0,
0x000002752c4f0340, 0x000002752c4f0da0, 0x000002752c4f1800, 0x000002752c4f2590,
0x000002752c4f3570, 0x000002752c608c40, 0x000002752c7cb200, 0x0000027531361690,
0x0000027531e06760, 0x000002753270aff0, 0x0000027532624610, 0x0000027532854e00,
0x000002753266d280, 0x000002753266ed30, 0x0000027532689650, 0x000002753268a370,
0x000002753268aa00, 0x000002753268bdb0, 0x0000027532689ce0, 0x000002753268b090,
0x000002753268c440, 0x0000027532688fc0, 0x00000275329a3080, 0x00000275329a3da0,
0x00000275329a3710, 0x00000275329a4ac0, 0x00000275329a4430, 0x00000275329a5e70
}

Java Threads: ( => current thread )
  0x0000027512482b20 JavaThread "main"                              [_thread_blocked, id=121240, stack(0x000000b5ff100000,0x000000b5ff200000) (1024K)]
  0x000002752c4c9a40 JavaThread "Reference Handler"          daemon [_thread_blocked, id=132980, stack(0x000000b5ff900000,0x000000b5ffa00000) (1024K)]
  0x000002752c4ca5a0 JavaThread "Finalizer"                  daemon [_thread_blocked, id=128900, stack(0x000000b5ffa00000,0x000000b5ffb00000) (1024K)]
  0x000002752c4ef8e0 JavaThread "Signal Dispatcher"          daemon [_thread_blocked, id=119456, stack(0x000000b5ffb00000,0x000000b5ffc00000) (1024K)]
  0x000002752c4f0340 JavaThread "Attach Listener"            daemon [_thread_blocked, id=120348, stack(0x000000b5ffc00000,0x000000b5ffd00000) (1024K)]
  0x000002752c4f0da0 JavaThread "Service Thread"             daemon [_thread_blocked, id=129304, stack(0x000000b5ffd00000,0x000000b5ffe00000) (1024K)]
  0x000002752c4f1800 JavaThread "Monitor Deflation Thread"   daemon [_thread_blocked, id=131720, stack(0x000000b5ffe00000,0x000000b5fff00000) (1024K)]
=>0x000002752c4f2590 JavaThread "C2 CompilerThread0"         daemon [_thread_in_native, id=131900, stack(0x000000b5fff00000,0x000000b600000000) (1024K)]
  0x000002752c4f3570 JavaThread "C1 CompilerThread0"         daemon [_thread_blocked, id=131744, stack(0x000000b580000000,0x000000b580100000) (1024K)]
  0x000002752c608c40 JavaThread "Common-Cleaner"             daemon [_thread_blocked, id=121032, stack(0x000000b580100000,0x000000b580200000) (1024K)]
  0x000002752c7cb200 JavaThread "Notification Thread"        daemon [_thread_blocked, id=127764, stack(0x000000b580200000,0x000000b580300000) (1024K)]
  0x0000027531361690 JavaThread "Daemon health stats"               [_thread_blocked, id=131952, stack(0x000000b580700000,0x000000b580800000) (1024K)]
  0x0000027531e06760 JavaThread "Incoming local TCP Connector on port 52304"        [_thread_in_native, id=128400, stack(0x000000b580800000,0x000000b580900000) (1024K)]
  0x000002753270aff0 JavaThread "Daemon periodic checks"            [_thread_blocked, id=128784, stack(0x000000b580900000,0x000000b580a00000) (1024K)]
  0x0000027532624610 JavaThread "Daemon"                            [_thread_blocked, id=126972, stack(0x000000b580a00000,0x000000b580b00000) (1024K)]
  0x0000027532854e00 JavaThread "Handler for socket connection from /127.0.0.1:52304 to /127.0.0.1:52306"        [_thread_in_native, id=130352, stack(0x000000b580b00000,0x000000b580c00000) (1024K)]
  0x000002753266d280 JavaThread "Cancel handler"                    [_thread_blocked, id=119016, stack(0x000000b580c00000,0x000000b580d00000) (1024K)]
  0x000002753266ed30 JavaThread "Daemon worker"                     [_thread_in_vm, id=132428, stack(0x000000b580d00000,0x000000b580e00000) (1024K)]
  0x0000027532689650 JavaThread "Asynchronous log dispatcher for DefaultDaemonConnection: socket connection from /127.0.0.1:52304 to /127.0.0.1:52306"        [_thread_blocked, id=120608, stack(0x000000b580e00000,0x000000b580f00000) (1024K)]
  0x000002753268a370 JavaThread "Stdin handler"                     [_thread_blocked, id=126164, stack(0x000000b580f00000,0x000000b581000000) (1024K)]
  0x000002753268aa00 JavaThread "Daemon client event forwarder"        [_thread_blocked, id=131608, stack(0x000000b581000000,0x000000b581100000) (1024K)]
  0x000002753268bdb0 JavaThread "Cache worker for journal cache (C:\Users\china\.gradle\caches\journal-1)"        [_thread_blocked, id=126060, stack(0x000000b581800000,0x000000b581900000) (1024K)]
  0x0000027532689ce0 JavaThread "File lock request listener"        [_thread_in_native, id=91092, stack(0x000000b581900000,0x000000b581a00000) (1024K)]
  0x000002753268b090 JavaThread "Cache worker for file hash cache (C:\Users\china\.gradle\caches\8.9\fileHashes)"        [_thread_blocked, id=130768, stack(0x000000b581a00000,0x000000b581b00000) (1024K)]
  0x000002753268c440 JavaThread "Cache worker for file hash cache (C:\Users\china\AndroidStudioProjects\COMP2000CS\.gradle\8.9\fileHashes)"        [_thread_blocked, id=130632, stack(0x000000b581b00000,0x000000b581c00000) (1024K)]
  0x0000027532688fc0 JavaThread "Cache worker for Build Output Cleanup Cache (C:\Users\china\AndroidStudioProjects\COMP2000CS\.gradle\buildOutputCleanup)"        [_thread_blocked, id=129048, stack(0x000000b581c00000,0x000000b581d00000) (1024K)]
  0x00000275329a3080 JavaThread "File watcher server"        daemon [_thread_in_native, id=123244, stack(0x000000b581d00000,0x000000b581e00000) (1024K)]
  0x00000275329a3da0 JavaThread "File watcher consumer"      daemon [_thread_blocked, id=93768, stack(0x000000b581e00000,0x000000b581f00000) (1024K)]
  0x00000275329a3710 JavaThread "Cache worker for checksums cache (C:\Users\china\AndroidStudioProjects\COMP2000CS\.gradle\8.9\checksums)"        [_thread_blocked, id=132508, stack(0x000000b581f00000,0x000000b582000000) (1024K)]
  0x00000275329a4ac0 JavaThread "Cache worker for file content cache (C:\Users\china\.gradle\caches\8.9\fileContent)"        [_thread_blocked, id=116536, stack(0x000000b582000000,0x000000b582100000) (1024K)]
  0x00000275329a4430 JavaThread "Cache worker for cache directory md-rule (C:\Users\china\.gradle\caches\8.9\md-rule)"        [_thread_blocked, id=119884, stack(0x000000b582100000,0x000000b582200000) (1024K)]
  0x00000275329a5e70 JavaThread "Cache worker for cache directory md-supplier (C:\Users\china\.gradle\caches\8.9\md-supplier)"        [_thread_blocked, id=131228, stack(0x000000b582200000,0x000000b582300000) (1024K)]
Total: 32

Other Threads:
  0x000002752c47c7f0 VMThread "VM Thread"                           [id=128448, stack(0x000000b5ff800000,0x000000b5ff900000) (1024K)]
  0x000002752c2b0c40 WatcherThread "VM Periodic Task Thread"        [id=123620, stack(0x000000b5ff700000,0x000000b5ff800000) (1024K)]
  0x0000027514844130 WorkerThread "GC Thread#0"                     [id=128548, stack(0x000000b5ff200000,0x000000b5ff300000) (1024K)]
  0x0000027531446020 WorkerThread "GC Thread#1"                     [id=132460, stack(0x000000b580300000,0x000000b580400000) (1024K)]
  0x00000275319c5040 WorkerThread "GC Thread#2"                     [id=131716, stack(0x000000b580400000,0x000000b580500000) (1024K)]
  0x00000275310435e0 WorkerThread "GC Thread#3"                     [id=117024, stack(0x000000b580500000,0x000000b580600000) (1024K)]
  0x0000027531eb4bf0 WorkerThread "GC Thread#4"                     [id=122700, stack(0x000000b580600000,0x000000b580700000) (1024K)]
  0x00000275326dd2a0 WorkerThread "GC Thread#5"                     [id=100876, stack(0x000000b581100000,0x000000b581200000) (1024K)]
  0x00000275326dcf00 WorkerThread "GC Thread#6"                     [id=130680, stack(0x000000b581200000,0x000000b581300000) (1024K)]
  0x00000275326de860 WorkerThread "GC Thread#7"                     [id=115336, stack(0x000000b581300000,0x000000b581400000) (1024K)]
  0x00000275326dd640 WorkerThread "GC Thread#8"                     [id=128500, stack(0x000000b581400000,0x000000b581500000) (1024K)]
  0x00000275326dd9e0 WorkerThread "GC Thread#9"                     [id=132512, stack(0x000000b581500000,0x000000b581600000) (1024K)]
  0x0000027514854fb0 ConcurrentGCThread "G1 Main Marker"            [id=131972, stack(0x000000b5ff300000,0x000000b5ff400000) (1024K)]
  0x0000027514855950 WorkerThread "G1 Conc#0"                       [id=129564, stack(0x000000b5ff400000,0x000000b5ff500000) (1024K)]
  0x00000275326de4c0 WorkerThread "G1 Conc#1"                       [id=130476, stack(0x000000b581600000,0x000000b581700000) (1024K)]
  0x00000275326ddd80 WorkerThread "G1 Conc#2"                       [id=123112, stack(0x000000b581700000,0x000000b581800000) (1024K)]
  0x000002752c183450 ConcurrentGCThread "G1 Refine#0"               [id=112400, stack(0x000000b5ff500000,0x000000b5ff600000) (1024K)]
  0x000002752c183e60 ConcurrentGCThread "G1 Service"                [id=73640, stack(0x000000b5ff600000,0x000000b5ff700000) (1024K)]
Total: 18

Threads with active compile tasks:
C2 CompilerThread0    54026 3701  s!   4       jdk.internal.loader.URLClassPath::getLoader (194 bytes)
Total: 1

VM state: not at safepoint (normal execution)

VM Mutex/Monitor currently owned by a thread: None

Heap address: 0x0000000080000000, size: 2048 MB, Compressed Oops mode: 32-bit

CDS archive(s) not mapped
Compressed class space mapped at: 0x0000000100000000-0x0000000140000000, reserved size: 1073741824
Narrow klass base: 0x0000000000000000, Narrow klass shift: 3, Narrow klass range: 0x140000000

GC Precious Log:
 CardTable entry size: 512
 Card Set container configuration: InlinePtr #cards 5 size 8 Array Of Cards #cards 12 size 40 Howl #buckets 4 coarsen threshold 1843 Howl Bitmap #cards 512 size 80 coarsen threshold 460 Card regions per heap region 1 cards per card region 2048
 CPUs: 12 total, 12 available
 Memory: 7916M
 Large Page Support: Disabled
 NUMA Support: Disabled
 Compressed Oops: Enabled (32-bit)
 Heap Region Size: 1M
 Heap Min Capacity: 8M
 Heap Initial Capacity: 124M
 Heap Max Capacity: 2G
 Pre-touch: Disabled
 Parallel Workers: 10
 Concurrent Workers: 3
 Concurrent Refinement Workers: 10
 Periodic GC: Disabled

Heap:
 garbage-first heap   total 121856K, used 30349K [0x0000000080000000, 0x0000000100000000)
  region size 1024K, 7 young (7168K), 3 survivors (3072K)
 Metaspace       used 41566K, committed 42688K, reserved 1114112K
  class space    used 5687K, committed 6272K, reserved 1048576K

Heap Regions: E=young(eden), S=young(survivor), O=old, HS=humongous(starts), HC=humongous(continues), CS=collection set, F=free, TAMS=top-at-mark-start, PB=parsable bottom
|   0|0x0000000080000000, 0x0000000080100000, 0x0000000080100000|100%|HS|  |TAMS 0x0000000080000000| PB 0x0000000080000000| Complete 
|   1|0x0000000080100000, 0x0000000080200000, 0x0000000080200000|100%|HC|  |TAMS 0x0000000080100000| PB 0x0000000080100000| Complete 
|   2|0x0000000080200000, 0x0000000080300000, 0x0000000080300000|100%|HC|  |TAMS 0x0000000080200000| PB 0x0000000080200000| Complete 
|   3|0x0000000080300000, 0x0000000080400000, 0x0000000080400000|100%|HC|  |TAMS 0x0000000080300000| PB 0x0000000080300000| Complete 
|   4|0x0000000080400000, 0x0000000080500000, 0x0000000080500000|100%| O|  |TAMS 0x0000000080400000| PB 0x0000000080400000| Untracked 
|   5|0x0000000080500000, 0x0000000080600000, 0x0000000080600000|100%| O|  |TAMS 0x0000000080500000| PB 0x0000000080500000| Untracked 
|   6|0x0000000080600000, 0x0000000080700000, 0x0000000080700000|100%| O|  |TAMS 0x0000000080600000| PB 0x0000000080600000| Untracked 
|   7|0x0000000080700000, 0x0000000080800000, 0x0000000080800000|100%| O|  |TAMS 0x0000000080700000| PB 0x0000000080700000| Untracked 
|   8|0x0000000080800000, 0x0000000080900000, 0x0000000080900000|100%| O|  |TAMS 0x0000000080800000| PB 0x0000000080800000| Untracked 
|   9|0x0000000080900000, 0x00000000809fbb48, 0x0000000080a00000| 98%| O|  |TAMS 0x0000000080900000| PB 0x0000000080900000| Untracked 
|  10|0x0000000080a00000, 0x0000000080b00000, 0x0000000080b00000|100%|HS|  |TAMS 0x0000000080a00000| PB 0x0000000080a00000| Complete 
|  11|0x0000000080b00000, 0x0000000080c00000, 0x0000000080c00000|100%| O|  |TAMS 0x0000000080b00000| PB 0x0000000080b00000| Untracked 
|  12|0x0000000080c00000, 0x0000000080d00000, 0x0000000080d00000|100%| O|  |TAMS 0x0000000080c00000| PB 0x0000000080c00000| Untracked 
|  13|0x0000000080d00000, 0x0000000080e00000, 0x0000000080e00000|100%| O|  |TAMS 0x0000000080d00000| PB 0x0000000080d00000| Untracked 
|  14|0x0000000080e00000, 0x0000000080f00000, 0x0000000080f00000|100%| O|  |TAMS 0x0000000080e00000| PB 0x0000000080e00000| Untracked 
|  15|0x0000000080f00000, 0x0000000081000000, 0x0000000081000000|100%| O|  |TAMS 0x0000000080f00000| PB 0x0000000080f00000| Untracked 
|  16|0x0000000081000000, 0x0000000081088fe0, 0x0000000081100000| 53%| O|  |TAMS 0x0000000081000000| PB 0x0000000081000000| Untracked 
|  17|0x0000000081100000, 0x0000000081100000, 0x0000000081200000|  0%| F|  |TAMS 0x0000000081100000| PB 0x0000000081100000| Untracked 
|  18|0x0000000081200000, 0x0000000081200000, 0x0000000081300000|  0%| F|  |TAMS 0x0000000081200000| PB 0x0000000081200000| Untracked 
|  19|0x0000000081300000, 0x0000000081300000, 0x0000000081400000|  0%| F|  |TAMS 0x0000000081300000| PB 0x0000000081300000| Untracked 
|  20|0x0000000081400000, 0x0000000081400000, 0x0000000081500000|  0%| F|  |TAMS 0x0000000081400000| PB 0x0000000081400000| Untracked 
|  21|0x0000000081500000, 0x0000000081500000, 0x0000000081600000|  0%| F|  |TAMS 0x0000000081500000| PB 0x0000000081500000| Untracked 
|  22|0x0000000081600000, 0x0000000081600000, 0x0000000081700000|  0%| F|  |TAMS 0x0000000081600000| PB 0x0000000081600000| Untracked 
|  23|0x0000000081700000, 0x0000000081700000, 0x0000000081800000|  0%| F|  |TAMS 0x0000000081700000| PB 0x0000000081700000| Untracked 
|  24|0x0000000081800000, 0x0000000081800000, 0x0000000081900000|  0%| F|  |TAMS 0x0000000081800000| PB 0x0000000081800000| Untracked 
|  25|0x0000000081900000, 0x0000000081900000, 0x0000000081a00000|  0%| F|  |TAMS 0x0000000081900000| PB 0x0000000081900000| Untracked 
|  26|0x0000000081a00000, 0x0000000081a00000, 0x0000000081b00000|  0%| F|  |TAMS 0x0000000081a00000| PB 0x0000000081a00000| Untracked 
|  27|0x0000000081b00000, 0x0000000081b00000, 0x0000000081c00000|  0%| F|  |TAMS 0x0000000081b00000| PB 0x0000000081b00000| Untracked 
|  28|0x0000000081c00000, 0x0000000081c00000, 0x0000000081d00000|  0%| F|  |TAMS 0x0000000081c00000| PB 0x0000000081c00000| Untracked 
|  29|0x0000000081d00000, 0x0000000081d00000, 0x0000000081e00000|  0%| F|  |TAMS 0x0000000081d00000| PB 0x0000000081d00000| Untracked 
|  30|0x0000000081e00000, 0x0000000081e00000, 0x0000000081f00000|  0%| F|  |TAMS 0x0000000081e00000| PB 0x0000000081e00000| Untracked 
|  31|0x0000000081f00000, 0x0000000081f00000, 0x0000000082000000|  0%| F|  |TAMS 0x0000000081f00000| PB 0x0000000081f00000| Untracked 
|  32|0x0000000082000000, 0x0000000082000000, 0x0000000082100000|  0%| F|  |TAMS 0x0000000082000000| PB 0x0000000082000000| Untracked 
|  33|0x0000000082100000, 0x0000000082100000, 0x0000000082200000|  0%| F|  |TAMS 0x0000000082100000| PB 0x0000000082100000| Untracked 
|  34|0x0000000082200000, 0x0000000082200000, 0x0000000082300000|  0%| F|  |TAMS 0x0000000082200000| PB 0x0000000082200000| Untracked 
|  35|0x0000000082300000, 0x0000000082300000, 0x0000000082400000|  0%| F|  |TAMS 0x0000000082300000| PB 0x0000000082300000| Untracked 
|  36|0x0000000082400000, 0x0000000082400000, 0x0000000082500000|  0%| F|  |TAMS 0x0000000082400000| PB 0x0000000082400000| Untracked 
|  37|0x0000000082500000, 0x0000000082500000, 0x0000000082600000|  0%| F|  |TAMS 0x0000000082500000| PB 0x0000000082500000| Untracked 
|  38|0x0000000082600000, 0x0000000082600000, 0x0000000082700000|  0%| F|  |TAMS 0x0000000082600000| PB 0x0000000082600000| Untracked 
|  39|0x0000000082700000, 0x0000000082700000, 0x0000000082800000|  0%| F|  |TAMS 0x0000000082700000| PB 0x0000000082700000| Untracked 
|  40|0x0000000082800000, 0x0000000082800000, 0x0000000082900000|  0%| F|  |TAMS 0x0000000082800000| PB 0x0000000082800000| Untracked 
|  41|0x0000000082900000, 0x0000000082900000, 0x0000000082a00000|  0%| F|  |TAMS 0x0000000082900000| PB 0x0000000082900000| Untracked 
|  42|0x0000000082a00000, 0x0000000082a00000, 0x0000000082b00000|  0%| F|  |TAMS 0x0000000082a00000| PB 0x0000000082a00000| Untracked 
|  43|0x0000000082b00000, 0x0000000082b00000, 0x0000000082c00000|  0%| F|  |TAMS 0x0000000082b00000| PB 0x0000000082b00000| Untracked 
|  44|0x0000000082c00000, 0x0000000082c00000, 0x0000000082d00000|  0%| F|  |TAMS 0x0000000082c00000| PB 0x0000000082c00000| Untracked 
|  45|0x0000000082d00000, 0x0000000082d00000, 0x0000000082e00000|  0%| F|  |TAMS 0x0000000082d00000| PB 0x0000000082d00000| Untracked 
|  46|0x0000000082e00000, 0x0000000082e00000, 0x0000000082f00000|  0%| F|  |TAMS 0x0000000082e00000| PB 0x0000000082e00000| Untracked 
|  47|0x0000000082f00000, 0x0000000082f00000, 0x0000000083000000|  0%| F|  |TAMS 0x0000000082f00000| PB 0x0000000082f00000| Untracked 
|  48|0x0000000083000000, 0x0000000083000000, 0x0000000083100000|  0%| F|  |TAMS 0x0000000083000000| PB 0x0000000083000000| Untracked 
|  49|0x0000000083100000, 0x0000000083100000, 0x0000000083200000|  0%| F|  |TAMS 0x0000000083100000| PB 0x0000000083100000| Untracked 
|  50|0x0000000083200000, 0x0000000083200000, 0x0000000083300000|  0%| F|  |TAMS 0x0000000083200000| PB 0x0000000083200000| Untracked 
|  51|0x0000000083300000, 0x0000000083300000, 0x0000000083400000|  0%| F|  |TAMS 0x0000000083300000| PB 0x0000000083300000| Untracked 
|  52|0x0000000083400000, 0x0000000083400000, 0x0000000083500000|  0%| F|  |TAMS 0x0000000083400000| PB 0x0000000083400000| Untracked 
|  53|0x0000000083500000, 0x0000000083500000, 0x0000000083600000|  0%| F|  |TAMS 0x0000000083500000| PB 0x0000000083500000| Untracked 
|  54|0x0000000083600000, 0x0000000083600000, 0x0000000083700000|  0%| F|  |TAMS 0x0000000083600000| PB 0x0000000083600000| Untracked 
|  55|0x0000000083700000, 0x0000000083700000, 0x0000000083800000|  0%| F|  |TAMS 0x0000000083700000| PB 0x0000000083700000| Untracked 
|  56|0x0000000083800000, 0x0000000083800000, 0x0000000083900000|  0%| F|  |TAMS 0x0000000083800000| PB 0x0000000083800000| Untracked 
|  57|0x0000000083900000, 0x0000000083900000, 0x0000000083a00000|  0%| F|  |TAMS 0x0000000083900000| PB 0x0000000083900000| Untracked 
|  58|0x0000000083a00000, 0x0000000083a00000, 0x0000000083b00000|  0%| F|  |TAMS 0x0000000083a00000| PB 0x0000000083a00000| Untracked 
|  59|0x0000000083b00000, 0x0000000083b00000, 0x0000000083c00000|  0%| F|  |TAMS 0x0000000083b00000| PB 0x0000000083b00000| Untracked 
|  60|0x0000000083c00000, 0x0000000083c00000, 0x0000000083d00000|  0%| F|  |TAMS 0x0000000083c00000| PB 0x0000000083c00000| Untracked 
|  61|0x0000000083d00000, 0x0000000083d00000, 0x0000000083e00000|  0%| F|  |TAMS 0x0000000083d00000| PB 0x0000000083d00000| Untracked 
|  62|0x0000000083e00000, 0x0000000083e00000, 0x0000000083f00000|  0%| F|  |TAMS 0x0000000083e00000| PB 0x0000000083e00000| Untracked 
|  63|0x0000000083f00000, 0x0000000083f00000, 0x0000000084000000|  0%| F|  |TAMS 0x0000000083f00000| PB 0x0000000083f00000| Untracked 
|  64|0x0000000084000000, 0x0000000084000000, 0x0000000084100000|  0%| F|  |TAMS 0x0000000084000000| PB 0x0000000084000000| Untracked 
|  65|0x0000000084100000, 0x0000000084100000, 0x0000000084200000|  0%| F|  |TAMS 0x0000000084100000| PB 0x0000000084100000| Untracked 
|  66|0x0000000084200000, 0x0000000084200000, 0x0000000084300000|  0%| F|  |TAMS 0x0000000084200000| PB 0x0000000084200000| Untracked 
|  67|0x0000000084300000, 0x0000000084300000, 0x0000000084400000|  0%| F|  |TAMS 0x0000000084300000| PB 0x0000000084300000| Untracked 
|  68|0x0000000084400000, 0x0000000084400000, 0x0000000084500000|  0%| F|  |TAMS 0x0000000084400000| PB 0x0000000084400000| Untracked 
|  69|0x0000000084500000, 0x0000000084500000, 0x0000000084600000|  0%| F|  |TAMS 0x0000000084500000| PB 0x0000000084500000| Untracked 
|  70|0x0000000084600000, 0x0000000084600000, 0x0000000084700000|  0%| F|  |TAMS 0x0000000084600000| PB 0x0000000084600000| Untracked 
|  71|0x0000000084700000, 0x0000000084700000, 0x0000000084800000|  0%| F|  |TAMS 0x0000000084700000| PB 0x0000000084700000| Untracked 
|  72|0x0000000084800000, 0x0000000084800000, 0x0000000084900000|  0%| F|  |TAMS 0x0000000084800000| PB 0x0000000084800000| Untracked 
|  73|0x0000000084900000, 0x0000000084900000, 0x0000000084a00000|  0%| F|  |TAMS 0x0000000084900000| PB 0x0000000084900000| Untracked 
|  74|0x0000000084a00000, 0x0000000084a00000, 0x0000000084b00000|  0%| F|  |TAMS 0x0000000084a00000| PB 0x0000000084a00000| Untracked 
|  75|0x0000000084b00000, 0x0000000084b00000, 0x0000000084c00000|  0%| F|  |TAMS 0x0000000084b00000| PB 0x0000000084b00000| Untracked 
|  76|0x0000000084c00000, 0x0000000084c00000, 0x0000000084d00000|  0%| F|  |TAMS 0x0000000084c00000| PB 0x0000000084c00000| Untracked 
|  77|0x0000000084d00000, 0x0000000084d00000, 0x0000000084e00000|  0%| F|  |TAMS 0x0000000084d00000| PB 0x0000000084d00000| Untracked 
|  78|0x0000000084e00000, 0x0000000084e00000, 0x0000000084f00000|  0%| F|  |TAMS 0x0000000084e00000| PB 0x0000000084e00000| Untracked 
|  79|0x0000000084f00000, 0x0000000084f00000, 0x0000000085000000|  0%| F|  |TAMS 0x0000000084f00000| PB 0x0000000084f00000| Untracked 
|  80|0x0000000085000000, 0x0000000085000000, 0x0000000085100000|  0%| F|  |TAMS 0x0000000085000000| PB 0x0000000085000000| Untracked 
|  81|0x0000000085100000, 0x0000000085100000, 0x0000000085200000|  0%| F|  |TAMS 0x0000000085100000| PB 0x0000000085100000| Untracked 
|  82|0x0000000085200000, 0x000000008521e990, 0x0000000085300000| 11%| S|CS|TAMS 0x0000000085200000| PB 0x0000000085200000| Complete 
|  83|0x0000000085300000, 0x0000000085400000, 0x0000000085400000|100%| S|CS|TAMS 0x0000000085300000| PB 0x0000000085300000| Complete 
|  84|0x0000000085400000, 0x0000000085500000, 0x0000000085500000|100%| S|CS|TAMS 0x0000000085400000| PB 0x0000000085400000| Complete 
|  85|0x0000000085500000, 0x0000000085500000, 0x0000000085600000|  0%| F|  |TAMS 0x0000000085500000| PB 0x0000000085500000| Untracked 
|  86|0x0000000085600000, 0x0000000085600000, 0x0000000085700000|  0%| F|  |TAMS 0x0000000085600000| PB 0x0000000085600000| Untracked 
|  87|0x0000000085700000, 0x0000000085700000, 0x0000000085800000|  0%| F|  |TAMS 0x0000000085700000| PB 0x0000000085700000| Untracked 
|  88|0x0000000085800000, 0x0000000085800000, 0x0000000085900000|  0%| F|  |TAMS 0x0000000085800000| PB 0x0000000085800000| Untracked 
|  89|0x0000000085900000, 0x0000000085900000, 0x0000000085a00000|  0%| F|  |TAMS 0x0000000085900000| PB 0x0000000085900000| Untracked 
|  90|0x0000000085a00000, 0x0000000085a00000, 0x0000000085b00000|  0%| F|  |TAMS 0x0000000085a00000| PB 0x0000000085a00000| Untracked 
|  91|0x0000000085b00000, 0x0000000085b00000, 0x0000000085c00000|  0%| F|  |TAMS 0x0000000085b00000| PB 0x0000000085b00000| Untracked 
|  92|0x0000000085c00000, 0x0000000085c00000, 0x0000000085d00000|  0%| F|  |TAMS 0x0000000085c00000| PB 0x0000000085c00000| Untracked 
|  93|0x0000000085d00000, 0x0000000085d00000, 0x0000000085e00000|  0%| F|  |TAMS 0x0000000085d00000| PB 0x0000000085d00000| Untracked 
|  94|0x0000000085e00000, 0x0000000085e00000, 0x0000000085f00000|  0%| F|  |TAMS 0x0000000085e00000| PB 0x0000000085e00000| Untracked 
|  95|0x0000000085f00000, 0x0000000085f00000, 0x0000000086000000|  0%| F|  |TAMS 0x0000000085f00000| PB 0x0000000085f00000| Untracked 
|  96|0x0000000086000000, 0x0000000086000000, 0x0000000086100000|  0%| F|  |TAMS 0x0000000086000000| PB 0x0000000086000000| Untracked 
|  97|0x0000000086100000, 0x0000000086100000, 0x0000000086200000|  0%| F|  |TAMS 0x0000000086100000| PB 0x0000000086100000| Untracked 
|  98|0x0000000086200000, 0x0000000086200000, 0x0000000086300000|  0%| F|  |TAMS 0x0000000086200000| PB 0x0000000086200000| Untracked 
|  99|0x0000000086300000, 0x0000000086300000, 0x0000000086400000|  0%| F|  |TAMS 0x0000000086300000| PB 0x0000000086300000| Untracked 
| 100|0x0000000086400000, 0x0000000086400000, 0x0000000086500000|  0%| F|  |TAMS 0x0000000086400000| PB 0x0000000086400000| Untracked 
| 101|0x0000000086500000, 0x0000000086500000, 0x0000000086600000|  0%| F|  |TAMS 0x0000000086500000| PB 0x0000000086500000| Untracked 
| 102|0x0000000086600000, 0x0000000086600000, 0x0000000086700000|  0%| F|  |TAMS 0x0000000086600000| PB 0x0000000086600000| Untracked 
| 103|0x0000000086700000, 0x0000000086700000, 0x0000000086800000|  0%| F|  |TAMS 0x0000000086700000| PB 0x0000000086700000| Untracked 
| 104|0x0000000086800000, 0x0000000086800000, 0x0000000086900000|  0%| F|  |TAMS 0x0000000086800000| PB 0x0000000086800000| Untracked 
| 105|0x0000000086900000, 0x000000008696a5e8, 0x0000000086a00000| 41%| E|  |TAMS 0x0000000086900000| PB 0x0000000086900000| Complete 
| 106|0x0000000086a00000, 0x0000000086b00000, 0x0000000086b00000|100%| E|CS|TAMS 0x0000000086a00000| PB 0x0000000086a00000| Complete 
| 107|0x0000000086b00000, 0x0000000086c00000, 0x0000000086c00000|100%| E|CS|TAMS 0x0000000086b00000| PB 0x0000000086b00000| Complete 
| 108|0x0000000086c00000, 0x0000000086d00000, 0x0000000086d00000|100%| E|  |TAMS 0x0000000086c00000| PB 0x0000000086c00000| Complete 
| 123|0x0000000087b00000, 0x0000000087c00000, 0x0000000087c00000|100%| E|CS|TAMS 0x0000000087b00000| PB 0x0000000087b00000| Complete 
|2039|0x00000000ff700000, 0x00000000ff800000, 0x00000000ff800000|100%| O|  |TAMS 0x00000000ff700000| PB 0x00000000ff700000| Untracked 
|2040|0x00000000ff800000, 0x00000000ff900000, 0x00000000ff900000|100%| O|  |TAMS 0x00000000ff800000| PB 0x00000000ff800000| Untracked 
|2041|0x00000000ff900000, 0x00000000ffa00000, 0x00000000ffa00000|100%| O|  |TAMS 0x00000000ff900000| PB 0x00000000ff900000| Untracked 
|2042|0x00000000ffa00000, 0x00000000ffb00000, 0x00000000ffb00000|100%| O|  |TAMS 0x00000000ffa00000| PB 0x00000000ffa00000| Untracked 
|2043|0x00000000ffb00000, 0x00000000ffc00000, 0x00000000ffc00000|100%| O|  |TAMS 0x00000000ffb00000| PB 0x00000000ffb00000| Untracked 
|2044|0x00000000ffc00000, 0x00000000ffd00000, 0x00000000ffd00000|100%| O|  |TAMS 0x00000000ffc00000| PB 0x00000000ffc00000| Untracked 
|2045|0x00000000ffd00000, 0x00000000ffe00000, 0x00000000ffe00000|100%| O|  |TAMS 0x00000000ffd00000| PB 0x00000000ffd00000| Untracked 
|2046|0x00000000ffe00000, 0x00000000fff00000, 0x00000000fff00000|100%| O|  |TAMS 0x00000000ffe00000| PB 0x00000000ffe00000| Untracked 
|2047|0x00000000fff00000, 0x0000000100000000, 0x0000000100000000|100%| O|  |TAMS 0x00000000fff00000| PB 0x00000000fff00000| Untracked 

Card table byte_map: [0x0000027527280000,0x0000027527680000] _byte_map_base: 0x0000027526e80000

Marking Bits: (CMBitMap*) 0x00000275148446d0
 Bits: [0x0000027527680000, 0x0000027529680000)

Polling page: 0x00000275127a0000

Metaspace:

Usage:
  Non-class:     35.05 MB used.
      Class:      5.55 MB used.
       Both:     40.60 MB used.

Virtual space:
  Non-class space:       64.00 MB reserved,      35.56 MB ( 56%) committed,  1 nodes.
      Class space:        1.00 GB reserved,       6.12 MB ( <1%) committed,  1 nodes.
             Both:        1.06 GB reserved,      41.69 MB (  4%) committed. 

Chunk freelists:
   Non-Class:  12.38 MB
       Class:  9.84 MB
        Both:  22.22 MB

MaxMetaspaceSize: unlimited
CompressedClassSpaceSize: 1.00 GB
Initial GC threshold: 21.00 MB
Current GC threshold: 58.69 MB
CDS: off
 - commit_granule_bytes: 65536.
 - commit_granule_words: 8192.
 - virtual_space_node_default_size: 8388608.
 - enlarge_chunks_in_place: 1.
 - use_allocation_guard: 0.


Internal statistics:

num_allocs_failed_limit: 6.
num_arena_births: 2076.
num_arena_deaths: 0.
num_vsnodes_births: 2.
num_vsnodes_deaths: 0.
num_space_committed: 667.
num_space_uncommitted: 0.
num_chunks_returned_to_freelist: 6.
num_chunks_taken_from_freelist: 3622.
num_chunk_merges: 6.
num_chunk_splits: 2324.
num_chunks_enlarged: 1428.
num_inconsistent_stats: 0.

CodeHeap 'non-profiled nmethods': size=120000Kb used=1718Kb max_used=1774Kb free=118281Kb
 bounds [0x000002751f400000, 0x000002751f670000, 0x0000027526930000]
CodeHeap 'profiled nmethods': size=120000Kb used=6782Kb max_used=6782Kb free=113217Kb
 bounds [0x0000027517930000, 0x0000027517fe0000, 0x000002751ee60000]
CodeHeap 'non-nmethods': size=5760Kb used=1505Kb max_used=1526Kb free=4255Kb
 bounds [0x000002751ee60000, 0x000002751f0d0000, 0x000002751f400000]
 total_blobs=3992 nmethods=3400 adapters=496
 compilation: enabled
              stopped_count=0, restarted_count=0
 full_count=0

Compilation events (20 events):
Event: 53.162 Thread 0x000002752c4f2590 3701  s!   4       jdk.internal.loader.URLClassPath::getLoader (194 bytes)
Event: 53.162 Thread 0x000002752c4f3570 nmethod 3713 0x000002751f439790 code [0x000002751f439920, 0x000002751f4399e8]
Event: 53.162 Thread 0x000002752c4f3570 3714       1       java.lang.ClassValue$ClassValueMap::getCache (5 bytes)
Event: 53.163 Thread 0x000002752c4f3570 nmethod 3714 0x000002751f42b610 code [0x000002751f42b7a0, 0x000002751f42b868]
Event: 53.197 Thread 0x000002752c4f3570 3715       3       jdk.internal.org.objectweb.asm.MethodWriter::visitInsn (115 bytes)
Event: 53.201 Thread 0x000002752c4f3570 nmethod 3715 0x00000275179bd290 code [0x00000275179bd480, 0x00000275179bd878]
Event: 53.361 Thread 0x000002752c4f3570 3716       3       java.nio.file.Files::provider (10 bytes)
Event: 53.391 Thread 0x000002752c4f3570 nmethod 3716 0x00000275179bce10 code [0x00000275179bcfc0, 0x00000275179bd190]
Event: 53.393 Thread 0x000002752c4f3570 3717   !   3       sun.nio.fs.WindowsFileAttributes::get (275 bytes)
Event: 53.407 Thread 0x000002752c4f3570 nmethod 3717 0x0000027517d8ec10 code [0x0000027517d8f0c0, 0x0000027517d90f50]
Event: 53.407 Thread 0x000002752c4f3570 3720       3       java.util.ImmutableCollections$SetN::hashCode (46 bytes)
Event: 53.407 Thread 0x000002752c4f3570 nmethod 3720 0x0000027517d8e510 code [0x0000027517d8e6c0, 0x0000027517d8e998]
Event: 53.407 Thread 0x000002752c4f3570 3718       3       java.lang.module.ModuleDescriptor$Exports::<init> (20 bytes)
Event: 53.408 Thread 0x000002752c4f3570 nmethod 3718 0x00000275179bc910 code [0x00000275179bcac0, 0x00000275179bcd38]
Event: 53.408 Thread 0x000002752c4f3570 3719       3       java.lang.module.ModuleDescriptor$Exports::hashCode (36 bytes)
Event: 53.408 Thread 0x000002752c4f3570 nmethod 3719 0x00000275179bc390 code [0x00000275179bc560, 0x00000275179bc7e0]
Event: 53.408 Thread 0x000002752c4f3570 3721       3       jdk.internal.module.Builder::newExports (11 bytes)
Event: 53.408 Thread 0x000002752c4f3570 nmethod 3721 0x0000027517cd1f10 code [0x0000027517cd20c0, 0x0000027517cd2208]
Event: 53.408 Thread 0x000002752c4f3570 3722       1       java.lang.module.ModuleDescriptor$Version::toString (5 bytes)
Event: 53.409 Thread 0x000002752c4f3570 nmethod 3722 0x000002751f42b310 code [0x000002751f42b4a0, 0x000002751f42b568]

GC Heap History (18 events):
Event: 3.691 GC heap before
{Heap before GC invocations=0 (full 0):
 garbage-first heap   total 126976K, used 26624K [0x0000000080000000, 0x0000000100000000)
  region size 1024K, 23 young (23552K), 0 survivors (0K)
 Metaspace       used 8153K, committed 8320K, reserved 1114112K
  class space    used 741K, committed 832K, reserved 1048576K
}
Event: 3.700 GC heap after
{Heap after GC invocations=1 (full 0):
 garbage-first heap   total 126976K, used 10320K [0x0000000080000000, 0x0000000100000000)
  region size 1024K, 3 young (3072K), 3 survivors (3072K)
 Metaspace       used 8153K, committed 8320K, reserved 1114112K
  class space    used 741K, committed 832K, reserved 1048576K
}
Event: 4.868 GC heap before
{Heap before GC invocations=1 (full 0):
 garbage-first heap   total 126976K, used 38992K [0x0000000080000000, 0x0000000100000000)
  region size 1024K, 32 young (32768K), 3 survivors (3072K)
 Metaspace       used 12040K, committed 12224K, reserved 1114112K
  class space    used 1282K, committed 1408K, reserved 1048576K
}
Event: 4.877 GC heap after
{Heap after GC invocations=2 (full 0):
 garbage-first heap   total 126976K, used 11801K [0x0000000080000000, 0x0000000100000000)
  region size 1024K, 2 young (2048K), 2 survivors (2048K)
 Metaspace       used 12040K, committed 12224K, reserved 1114112K
  class space    used 1282K, committed 1408K, reserved 1048576K
}
Event: 7.707 GC heap before
{Heap before GC invocations=2 (full 0):
 garbage-first heap   total 126976K, used 79385K [0x0000000080000000, 0x0000000100000000)
  region size 1024K, 67 young (68608K), 2 survivors (2048K)
 Metaspace       used 21188K, committed 21504K, reserved 1114112K
  class space    used 2467K, committed 2624K, reserved 1048576K
}
Event: 7.719 GC heap after
{Heap after GC invocations=3 (full 0):
 garbage-first heap   total 126976K, used 20702K [0x0000000080000000, 0x0000000100000000)
  region size 1024K, 10 young (10240K), 10 survivors (10240K)
 Metaspace       used 21188K, committed 21504K, reserved 1114112K
  class space    used 2467K, committed 2624K, reserved 1048576K
}
Event: 14.221 GC heap before
{Heap before GC invocations=4 (full 0):
 garbage-first heap   total 75776K, used 73950K [0x0000000080000000, 0x0000000100000000)
  region size 1024K, 63 young (64512K), 10 survivors (10240K)
 Metaspace       used 30072K, committed 30656K, reserved 1114112K
  class space    used 3899K, committed 4160K, reserved 1048576K
}
Event: 14.726 GC heap after
{Heap after GC invocations=5 (full 0):
 garbage-first heap   total 89088K, used 24199K [0x0000000080000000, 0x0000000100000000)
  region size 1024K, 4 young (4096K), 4 survivors (4096K)
 Metaspace       used 30072K, committed 30656K, reserved 1114112K
  class space    used 3899K, committed 4160K, reserved 1048576K
}
Event: 34.062 GC heap before
{Heap before GC invocations=5 (full 0):
 garbage-first heap   total 89088K, used 60039K [0x0000000080000000, 0x0000000100000000)
  region size 1024K, 41 young (41984K), 4 survivors (4096K)
 Metaspace       used 35176K, committed 35968K, reserved 1114112K
  class space    used 4744K, committed 5120K, reserved 1048576K
}
Event: 34.651 GC heap after
{Heap after GC invocations=6 (full 0):
 garbage-first heap   total 89088K, used 26138K [0x0000000080000000, 0x0000000100000000)
  region size 1024K, 6 young (6144K), 6 survivors (6144K)
 Metaspace       used 35176K, committed 35968K, reserved 1114112K
  class space    used 4744K, committed 5120K, reserved 1048576K
}
Event: 35.459 GC heap before
{Heap before GC invocations=7 (full 0):
 garbage-first heap   total 89088K, used 27162K [0x0000000080000000, 0x0000000100000000)
  region size 1024K, 7 young (7168K), 6 survivors (6144K)
 Metaspace       used 35249K, committed 36032K, reserved 1114112K
  class space    used 4758K, committed 5120K, reserved 1048576K
}
Event: 35.476 GC heap after
{Heap after GC invocations=8 (full 0):
 garbage-first heap   total 89088K, used 26511K [0x0000000080000000, 0x0000000100000000)
  region size 1024K, 1 young (1024K), 1 survivors (1024K)
 Metaspace       used 35249K, committed 36032K, reserved 1114112K
  class space    used 4758K, committed 5120K, reserved 1048576K
}
Event: 40.709 GC heap before
{Heap before GC invocations=8 (full 0):
 garbage-first heap   total 89088K, used 32655K [0x0000000080000000, 0x0000000100000000)
  region size 1024K, 8 young (8192K), 1 survivors (1024K)
 Metaspace       used 36074K, committed 36992K, reserved 1114112K
  class space    used 4914K, committed 5376K, reserved 1048576K
}
Event: 40.923 GC heap after
{Heap after GC invocations=9 (full 0):
 garbage-first heap   total 89088K, used 26252K [0x0000000080000000, 0x0000000100000000)
  region size 1024K, 1 young (1024K), 1 survivors (1024K)
 Metaspace       used 36074K, committed 36992K, reserved 1114112K
  class space    used 4914K, committed 5376K, reserved 1048576K
}
Event: 42.063 GC heap before
{Heap before GC invocations=9 (full 0):
 garbage-first heap   total 89088K, used 29324K [0x0000000080000000, 0x0000000100000000)
  region size 1024K, 4 young (4096K), 1 survivors (1024K)
 Metaspace       used 36560K, committed 37504K, reserved 1114112K
  class space    used 4993K, committed 5440K, reserved 1048576K
}
Event: 42.366 GC heap after
{Heap after GC invocations=10 (full 0):
 garbage-first heap   total 121856K, used 26367K [0x0000000080000000, 0x0000000100000000)
  region size 1024K, 1 young (1024K), 1 survivors (1024K)
 Metaspace       used 36560K, committed 37504K, reserved 1114112K
  class space    used 4993K, committed 5440K, reserved 1048576K
}
Event: 43.589 GC heap before
{Heap before GC invocations=10 (full 0):
 garbage-first heap   total 121856K, used 29439K [0x0000000080000000, 0x0000000100000000)
  region size 1024K, 5 young (5120K), 1 survivors (1024K)
 Metaspace       used 37066K, committed 37952K, reserved 1114112K
  class space    used 5076K, committed 5504K, reserved 1048576K
}
Event: 43.670 GC heap after
{Heap after GC invocations=11 (full 0):
 garbage-first heap   total 121856K, used 26633K [0x0000000080000000, 0x0000000100000000)
  region size 1024K, 1 young (1024K), 1 survivors (1024K)
 Metaspace       used 37066K, committed 37952K, reserved 1114112K
  class space    used 5076K, committed 5504K, reserved 1048576K
}

Dll operation events (3 events):
Event: 0.226 Loaded shared library C:\Program Files\Android\Android Studio\jbr\bin\java.dll
Event: 0.271 Loaded shared library C:\Program Files\Android\Android Studio\jbr\bin\zip.dll
Event: 3.667 Loaded shared library C:\Program Files\Android\Android Studio\jbr\bin\verify.dll

Deoptimization events (20 events):
Event: 52.784 Thread 0x000002753266ed30 Uncommon trap: trap_request=0xffffffde fr.pc=0x000002751f5860dc relative=0x000000000000213c
Event: 52.784 Thread 0x000002753266ed30 Uncommon trap: reason=class_check action=maybe_recompile pc=0x000002751f5860dc method=java.io.BufferedInputStream.implRead([BII)I @ 100 c2
Event: 52.784 Thread 0x000002753266ed30 DEOPT PACKING pc=0x000002751f5860dc sp=0x000000b580df8bb0
Event: 52.784 Thread 0x000002753266ed30 DEOPT UNPACKING pc=0x000002751eeb46a2 sp=0x000000b580df8a10 mode 2
Event: 53.108 Thread 0x000002753266ed30 Uncommon trap: trap_request=0xffffff45 fr.pc=0x000002751f524860 relative=0x0000000000000640
Event: 53.110 Thread 0x000002753266ed30 Uncommon trap: reason=unstable_if action=reinterpret pc=0x000002751f524860 method=jdk.internal.org.objectweb.asm.MethodWriter.visitVarInsn(II)V @ 108 c2
Event: 53.115 Thread 0x000002753266ed30 DEOPT PACKING pc=0x000002751f524860 sp=0x000000b580df0740
Event: 53.119 Thread 0x000002753266ed30 DEOPT UNPACKING pc=0x000002751eeb46a2 sp=0x000000b580df0708 mode 2
Event: 53.119 Thread 0x000002753266ed30 Uncommon trap: trap_request=0xffffff45 fr.pc=0x000002751f5a3520 relative=0x0000000000000480
Event: 53.119 Thread 0x000002753266ed30 Uncommon trap: reason=unstable_if action=reinterpret pc=0x000002751f5a3520 method=jdk.internal.org.objectweb.asm.MethodWriter.visitMethodInsn(ILjava/lang/String;Ljava/lang/String;Ljava/lang/String;Z)V @ 81 c2
Event: 53.119 Thread 0x000002753266ed30 DEOPT PACKING pc=0x000002751f5a3520 sp=0x000000b580df0730
Event: 53.119 Thread 0x000002753266ed30 DEOPT UNPACKING pc=0x000002751eeb46a2 sp=0x000000b580df06d0 mode 2
Event: 53.119 Thread 0x000002753266ed30 Uncommon trap: trap_request=0xffffff45 fr.pc=0x000002751f5a5df8 relative=0x0000000000000958
Event: 53.119 Thread 0x000002753266ed30 Uncommon trap: reason=unstable_if action=reinterpret pc=0x000002751f5a5df8 method=jdk.internal.org.objectweb.asm.MethodWriter.visitInsn(I)V @ 24 c2
Event: 53.119 Thread 0x000002753266ed30 DEOPT PACKING pc=0x000002751f5a5df8 sp=0x000000b580df0720
Event: 53.119 Thread 0x000002753266ed30 DEOPT UNPACKING pc=0x000002751eeb46a2 sp=0x000000b580df0708 mode 2
Event: 53.149 Thread 0x000002753266ed30 Uncommon trap: trap_request=0xffffff45 fr.pc=0x000002751f576ce0 relative=0x0000000000000c60
Event: 53.149 Thread 0x000002753266ed30 Uncommon trap: reason=unstable_if action=reinterpret pc=0x000002751f576ce0 method=java.lang.invoke.LambdaForm.useCount(Ljava/lang/invoke/LambdaForm$Name;)I @ 8 c2
Event: 53.149 Thread 0x000002753266ed30 DEOPT PACKING pc=0x000002751f576ce0 sp=0x000000b580df6110
Event: 53.150 Thread 0x000002753266ed30 DEOPT UNPACKING pc=0x000002751eeb46a2 sp=0x000000b580df5fe0 mode 2

Classes loaded (20 events):
Event: 52.750 Loading class java/lang/Process
Event: 52.758 Loading class java/lang/Process done
Event: 52.976 Loading class java/security/AccessControlException
Event: 52.991 Loading class java/security/AccessControlException done
Event: 53.083 Loading class java/lang/invoke/MethodHandleImpl$BindCaller
Event: 53.098 Loading class java/lang/invoke/MethodHandleImpl$BindCaller done
Event: 53.098 Loading class java/lang/invoke/MethodHandleImpl$BindCaller$1
Event: 53.106 Loading class java/lang/invoke/MethodHandleImpl$BindCaller$1 done
Event: 53.124 Loading class java/lang/invoke/MethodHandleImpl$BindCaller$InjectedInvokerHolder
Event: 53.129 Loading class java/lang/invoke/MethodHandleImpl$BindCaller$InjectedInvokerHolder done
Event: 53.133 Loading class java/util/Collections$CopiesList
Event: 53.141 Loading class java/util/Collections$CopiesList done
Event: 53.272 Loading class java/lang/reflect/GenericSignatureFormatError
Event: 53.281 Loading class java/lang/ClassFormatError
Event: 53.288 Loading class java/lang/ClassFormatError done
Event: 53.288 Loading class java/lang/reflect/GenericSignatureFormatError done
Event: 53.289 Loading class java/lang/reflect/MalformedParameterizedTypeException
Event: 53.293 Loading class java/lang/reflect/MalformedParameterizedTypeException done
Event: 53.328 Loading class java/lang/IllegalCallerException
Event: 53.333 Loading class java/lang/IllegalCallerException done

Classes unloaded (0 events):
No events

Classes redefined (0 events):
No events

Internal exceptions (20 events):
Event: 40.412 Thread 0x000002753266ed30 Exception <a 'java/lang/NoSuchMethodError'{0x00000000846424a0}: 'java.lang.Object java.lang.invoke.DirectMethodHandle$Holder.invokeStatic(java.lang.Object, java.lang.Object, java.lang.Object, java.lang.Object, java.lang.Object, java.lang.Object, java.lang.Object, java.lang.Object, java.lang.Object, java.lang.Object, java.lang.Object, java.lang.Object, java.lang.Object, java.lang.Object, java.lang.Object, java.lang.Object, java.lang.Object, java.lang.Object, java.lang.Object, java.lang.Object, java.lang.Obj
Event: 41.235 Thread 0x000002753266ed30 Implicit null exception at 0x000002751f49613a to 0x000002751f496390
Event: 44.874 Thread 0x000002753266ed30 Exception <a 'java/lang/NoSuchMethodError'{0x0000000086849ae0}: 'void java.lang.invoke.DirectMethodHandle$Holder.invokeStaticInit(java.lang.Object, java.lang.Object, java.lang.Object, java.lang.Object)'> (0x0000000086849ae0) 
thrown [s\src\hotspot\share\interpreter\linkResolver.cpp, line 784]
Event: 45.436 Thread 0x000002753266ed30 Exception <a 'java/lang/NoSuchMethodError'{0x000000008667e780}: 'java.lang.Object java.lang.invoke.DirectMethodHandle$Holder.invokeStaticInit(java.lang.Object, java.lang.Object, java.lang.Object)'> (0x000000008667e780) 
thrown [s\src\hotspot\share\interpreter\linkResolver.cpp, line 784]
Event: 46.580 Thread 0x000002753266ed30 Exception <a 'java/lang/NoSuchMethodError'{0x0000000086450fa8}: 'java.lang.Object java.lang.invoke.DirectMethodHandle$Holder.newInvokeSpecial(java.lang.Object, java.lang.Object, java.lang.Object, java.lang.Object, java.lang.Object, java.lang.Object, java.lang.Object, java.lang.Object, java.lang.Object, java.lang.Object, java.lang.Object)'> (0x0000000086450fa8) 
thrown [s\src\hotspot\share\interpreter\linkResolver.cpp, line 784]
Event: 47.242 Thread 0x000002753266ed30 Exception <a 'java/lang/NoSuchMethodError'{0x00000000864ba058}: 'java.lang.Object java.lang.invoke.DirectMethodHandle$Holder.newInvokeSpecial(java.lang.Object, java.lang.Object, java.lang.Object, java.lang.Object, java.lang.Object, java.lang.Object, java.lang.Object, java.lang.Object, java.lang.Object, java.lang.Object, java.lang.Object, java.lang.Object, java.lang.Object, java.lang.Object)'> (0x00000000864ba058) 
thrown [s\src\hotspot\share\interpreter\linkResolver.cpp, line 784]
Event: 49.062 Thread 0x000002753266ed30 Exception <a 'java/lang/NoSuchMethodError'{0x00000000862271f0}: 'java.lang.Object java.lang.invoke.DelegatingMethodHandle$Holder.reinvoke_L(java.lang.Object, java.lang.Object, java.lang.Object, java.lang.Object, java.lang.Object, java.lang.Object, java.lang.Object, java.lang.Object, java.lang.Object, java.lang.Object, java.lang.Object, java.lang.Object, java.lang.Object, java.lang.Object, java.lang.Object, java.lang.Object, java.lang.Object, java.lang.Object, java.lang.Object, java.lang.Object, java.lang.O
Event: 49.122 Thread 0x000002753266ed30 Exception <a 'java/lang/NoSuchMethodError'{0x000000008610bcd8}: 'java.lang.Object java.lang.invoke.DirectMethodHandle$Holder.invokeStatic(java.lang.Object, java.lang.Object, java.lang.Object, java.lang.Object, java.lang.Object, java.lang.Object, java.lang.Object, java.lang.Object, java.lang.Object, java.lang.Object, java.lang.Object, java.lang.Object, java.lang.Object, java.lang.Object, java.lang.Object, java.lang.Object, java.lang.Object, java.lang.Object, java.lang.Object, java.lang.Object, java.lang.Obj
Event: 49.144 Thread 0x000002753266ed30 Exception <a 'java/lang/NoSuchMethodError'{0x00000000861419c8}: 'java.lang.Object java.lang.invoke.DirectMethodHandle$Holder.invokeStatic(java.lang.Object, java.lang.Object, java.lang.Object, java.lang.Object, java.lang.Object, java.lang.Object, java.lang.Object, java.lang.Object, java.lang.Object, java.lang.Object, java.lang.Object, java.lang.Object, java.lang.Object, java.lang.Object, java.lang.Object, java.lang.Object, java.lang.Object, java.lang.Object, java.lang.Object, java.lang.Object, java.lang.Obj
Event: 49.185 Thread 0x000002753266ed30 Exception <a 'java/lang/NoSuchMethodError'{0x0000000086178868}: 'java.lang.Object java.lang.invoke.DirectMethodHandle$Holder.invokeStatic(java.lang.Object, java.lang.Object, java.lang.Object, java.lang.Object, java.lang.Object, java.lang.Object, java.lang.Object, java.lang.Object, java.lang.Object, java.lang.Object, java.lang.Object, java.lang.Object, java.lang.Object, java.lang.Object, java.lang.Object, java.lang.Object, java.lang.Object, java.lang.Object, java.lang.Object, java.lang.Object, java.lang.Obj
Event: 49.265 Thread 0x000002753266ed30 Exception <a 'java/lang/NoSuchMethodError'{0x00000000861b1c50}: 'java.lang.Object java.lang.invoke.DirectMethodHandle$Holder.invokeStatic(java.lang.Object, java.lang.Object, java.lang.Object, java.lang.Object, java.lang.Object, java.lang.Object, java.lang.Object, java.lang.Object, java.lang.Object, java.lang.Object, java.lang.Object, java.lang.Object, java.lang.Object, java.lang.Object, java.lang.Object, java.lang.Object, java.lang.Object, java.lang.Object, java.lang.Object, java.lang.Object, java.lang.Obj
Event: 49.513 Thread 0x000002753266ed30 Exception <a 'java/lang/NoSuchMethodError'{0x0000000086056c80}: 'java.lang.Object java.lang.invoke.DirectMethodHandle$Holder.newInvokeSpecial(java.lang.Object, java.lang.Object, java.lang.Object, java.lang.Object, java.lang.Object, java.lang.Object, java.lang.Object, java.lang.Object, java.lang.Object, java.lang.Object, java.lang.Object, java.lang.Object, java.lang.Object, java.lang.Object, java.lang.Object, java.lang.Object, java.lang.Object, java.lang.Object, java.lang.Object, java.lang.Object)'> (0x0000
Event: 49.514 Thread 0x000002753266ed30 Exception <a 'java/lang/NoSuchMethodError'{0x000000008605d938}: 'java.lang.Object java.lang.invoke.DirectMethodHandle$Holder.invokeSpecial(java.lang.Object, java.lang.Object, java.lang.Object, java.lang.Object, java.lang.Object, java.lang.Object, java.lang.Object, java.lang.Object, java.lang.Object, java.lang.Object, java.lang.Object, java.lang.Object, java.lang.Object, java.lang.Object, java.lang.Object, java.lang.Object, java.lang.Object, java.lang.Object, java.lang.Object, java.lang.Object, java.lang.Ob
Event: 49.514 Thread 0x000002753266ed30 Exception <a 'java/lang/NoSuchMethodError'{0x00000000860633e8}: 'java.lang.Object java.lang.invoke.DelegatingMethodHandle$Holder.reinvoke_L(java.lang.Object, java.lang.Object, java.lang.Object, java.lang.Object, java.lang.Object, java.lang.Object, java.lang.Object, java.lang.Object, java.lang.Object, java.lang.Object, java.lang.Object, java.lang.Object, java.lang.Object, java.lang.Object, java.lang.Object, java.lang.Object, java.lang.Object, java.lang.Object, java.lang.Object, java.lang.Object)'> (0x000000
Event: 49.821 Thread 0x000002753266ed30 Exception <a 'java/lang/NoSuchMethodError'{0x0000000085fb3970}: 'java.lang.Object java.lang.invoke.DirectMethodHandle$Holder.newInvokeSpecial(java.lang.Object, java.lang.Object, java.lang.Object, java.lang.Object, java.lang.Object, java.lang.Object, java.lang.Object, java.lang.Object, java.lang.Object, java.lang.Object, java.lang.Object, java.lang.Object)'> (0x0000000085fb3970) 
thrown [s\src\hotspot\share\interpreter\linkResolver.cpp, line 784]
Event: 51.176 Thread 0x000002753266ed30 Exception <a 'java/lang/NoSuchMethodError'{0x0000000085b24000}: 'java.lang.Object java.lang.invoke.DirectMethodHandle$Holder.newInvokeSpecial(java.lang.Object, java.lang.Object, java.lang.Object, java.lang.Object, java.lang.Object, java.lang.Object, java.lang.Object, java.lang.Object, java.lang.Object)'> (0x0000000085b24000) 
thrown [s\src\hotspot\share\interpreter\linkResolver.cpp, line 784]
Event: 53.107 Thread 0x000002753266ed30 Implicit null exception at 0x000002751f524334 to 0x000002751f524854
Event: 53.119 Thread 0x000002753266ed30 Implicit null exception at 0x000002751f5a3198 to 0x000002751f5a3514
Event: 53.119 Thread 0x000002753266ed30 Implicit null exception at 0x000002751f5a552c to 0x000002751f5a5de8
Event: 53.120 Thread 0x000002753266ed30 Exception <a 'java/lang/NoSuchMethodError'{0x00000000856939f8}: 'java.lang.reflect.Method[] java.lang.Class.getDeclaredMethods(java.lang.Class)'> (0x00000000856939f8) 
thrown [s\src\hotspot\share\interpreter\linkResolver.cpp, line 784]

ZGC Phase Switch (0 events):
No events

VM Operations (20 events):
Event: 40.682 Executing VM operation: G1CollectForAllocation (G1 Evacuation Pause)
Event: 40.924 Executing VM operation: G1CollectForAllocation (G1 Evacuation Pause) done
Event: 41.250 Executing VM operation: HandshakeAllThreads (Deoptimize)
Event: 41.250 Executing VM operation: HandshakeAllThreads (Deoptimize) done
Event: 42.029 Executing VM operation: G1CollectForAllocation (G1 Evacuation Pause)
Event: 42.389 Executing VM operation: G1CollectForAllocation (G1 Evacuation Pause) done
Event: 43.533 Executing VM operation: G1CollectForAllocation (G1 Evacuation Pause)
Event: 43.675 Executing VM operation: G1CollectForAllocation (G1 Evacuation Pause) done
Event: 45.139 Executing VM operation: HandshakeAllThreads (Deoptimize)
Event: 45.140 Executing VM operation: HandshakeAllThreads (Deoptimize) done
Event: 45.141 Executing VM operation: Cleanup
Event: 45.141 Executing VM operation: Cleanup done
Event: 46.149 Executing VM operation: Cleanup
Event: 46.217 Executing VM operation: Cleanup done
Event: 51.245 Executing VM operation: Cleanup
Event: 51.261 Executing VM operation: Cleanup done
Event: 52.276 Executing VM operation: Cleanup
Event: 52.317 Executing VM operation: Cleanup done
Event: 52.998 Executing VM operation: HandshakeAllThreads (Deoptimize)
Event: 53.002 Executing VM operation: HandshakeAllThreads (Deoptimize) done

Events (20 events):
Event: 34.934 Thread 0x000002752c47c7f0 flushing nmethod 0x000002751f42ad90
Event: 34.934 Thread 0x000002752c47c7f0 flushing nmethod 0x000002751f41dc90
Event: 34.934 Thread 0x000002752c47c7f0 flushing nmethod 0x000002751f41d110
Event: 34.934 Thread 0x000002752c47c7f0 flushing nmethod 0x000002751f41a410
Event: 34.934 Thread 0x000002752c47c7f0 flushing nmethod 0x000002751f418e90
Event: 34.934 Thread 0x000002752c47c7f0 flushing nmethod 0x000002751f438490
Event: 34.934 Thread 0x000002752c47c7f0 flushing nmethod 0x000002751f437a90
Event: 34.934 Thread 0x000002752c47c7f0 flushing nmethod 0x000002751f448f10
Event: 34.934 Thread 0x000002752c47c7f0 flushing nmethod 0x000002751f437090
Event: 34.934 Thread 0x000002752c47c7f0 flushing nmethod 0x000002751f428e10
Event: 34.934 Thread 0x000002752c47c7f0 flushing nmethod 0x000002751f428410
Event: 34.934 Thread 0x000002752c47c7f0 flushing nmethod 0x000002751f40c310
Event: 34.934 Thread 0x000002752c47c7f0 flushing nmethod 0x000002751f426310
Event: 34.934 Thread 0x000002752c47c7f0 flushing nmethod 0x000002751f408a90
Event: 34.934 Thread 0x000002752c47c7f0 flushing nmethod 0x000002751f412990
Event: 34.934 Thread 0x000002752c47c7f0 flushing nmethod 0x000002751f425090
Event: 36.026 Thread 0x00000275329a3710 Thread added: 0x00000275329a3710
Event: 39.176 Thread 0x00000275329a4ac0 Thread added: 0x00000275329a4ac0
Event: 43.030 Thread 0x00000275329a4430 Thread added: 0x00000275329a4430
Event: 47.140 Thread 0x00000275329a5e70 Thread added: 0x00000275329a5e70


Dynamic libraries:
0x00007ff76d720000 - 0x00007ff76d72a000 	C:\Program Files\Android\Android Studio\jbr\bin\java.exe
0x00007ffe6f7b0000 - 0x00007ffe6f9c7000 	C:\Windows\SYSTEM32\ntdll.dll
0x00007ffe6dbc0000 - 0x00007ffe6dc84000 	C:\Windows\System32\KERNEL32.DLL
0x00007ffe6ca80000 - 0x00007ffe6ce3a000 	C:\Windows\System32\KERNELBASE.dll
0x00007ffe6d390000 - 0x00007ffe6d4a1000 	C:\Windows\System32\ucrtbase.dll
0x00007ffe3b3f0000 - 0x00007ffe3b408000 	C:\Program Files\Android\Android Studio\jbr\bin\jli.dll
0x00007ffe53b50000 - 0x00007ffe53b6b000 	C:\Program Files\Android\Android Studio\jbr\bin\VCRUNTIME140.dll
0x00007ffe6d7b0000 - 0x00007ffe6d95e000 	C:\Windows\System32\USER32.dll
0x00007ffe6d2c0000 - 0x00007ffe6d2e6000 	C:\Windows\System32\win32u.dll
0x00007ffe6d960000 - 0x00007ffe6d989000 	C:\Windows\System32\GDI32.dll
0x00007ffe6ce40000 - 0x00007ffe6cf5b000 	C:\Windows\System32\gdi32full.dll
0x00007ffe6d2f0000 - 0x00007ffe6d38a000 	C:\Windows\System32\msvcp_win.dll
0x00007ffe53c80000 - 0x00007ffe53f12000 	C:\Windows\WinSxS\amd64_microsoft.windows.common-controls_6595b64144ccf1df_6.0.22621.4541_none_2710d1c57384c085\COMCTL32.dll
0x00007ffe6f020000 - 0x00007ffe6f0c7000 	C:\Windows\System32\msvcrt.dll
0x00007ffe6ec80000 - 0x00007ffe6ecb1000 	C:\Windows\System32\IMM32.DLL
0x00007ffe55de0000 - 0x00007ffe55dec000 	C:\Program Files\Android\Android Studio\jbr\bin\vcruntime140_1.dll
0x00007ffe184e0000 - 0x00007ffe1856d000 	C:\Program Files\Android\Android Studio\jbr\bin\msvcp140.dll
0x00007ffdbf960000 - 0x00007ffdc05dd000 	C:\Program Files\Android\Android Studio\jbr\bin\server\jvm.dll
0x00007ffe6dc90000 - 0x00007ffe6dd42000 	C:\Windows\System32\ADVAPI32.dll
0x00007ffe6f660000 - 0x00007ffe6f707000 	C:\Windows\System32\sechost.dll
0x00007ffe6cf60000 - 0x00007ffe6cf88000 	C:\Windows\System32\bcrypt.dll
0x00007ffe6d530000 - 0x00007ffe6d644000 	C:\Windows\System32\RPCRT4.dll
0x00007ffe6edc0000 - 0x00007ffe6ee31000 	C:\Windows\System32\WS2_32.dll
0x00007ffe6c8a0000 - 0x00007ffe6c8ed000 	C:\Windows\SYSTEM32\POWRPROF.dll
0x00007ffe66840000 - 0x00007ffe66874000 	C:\Windows\SYSTEM32\WINMM.dll
0x00007ffe53f60000 - 0x00007ffe53f6a000 	C:\Windows\SYSTEM32\VERSION.dll
0x00007ffe6c780000 - 0x00007ffe6c793000 	C:\Windows\SYSTEM32\UMPDC.dll
0x00007ffe6ba80000 - 0x00007ffe6ba98000 	C:\Windows\SYSTEM32\kernel.appcore.dll
0x00007ffe4df90000 - 0x00007ffe4df9a000 	C:\Program Files\Android\Android Studio\jbr\bin\jimage.dll
0x00007ffe6a260000 - 0x00007ffe6a492000 	C:\Windows\SYSTEM32\DBGHELP.DLL
0x00007ffe6e8f0000 - 0x00007ffe6ec7f000 	C:\Windows\System32\combase.dll
0x00007ffe6dd50000 - 0x00007ffe6de27000 	C:\Windows\System32\OLEAUT32.dll
0x00007ffe53f20000 - 0x00007ffe53f52000 	C:\Windows\SYSTEM32\dbgcore.DLL
0x00007ffe6d240000 - 0x00007ffe6d2bb000 	C:\Windows\System32\bcryptPrimitives.dll
0x00007ffe3b050000 - 0x00007ffe3b05e000 	C:\Program Files\Android\Android Studio\jbr\bin\instrument.dll
0x00007ffe46740000 - 0x00007ffe4675f000 	C:\Program Files\Android\Android Studio\jbr\bin\java.dll
0x00007ffe46520000 - 0x00007ffe46538000 	C:\Program Files\Android\Android Studio\jbr\bin\zip.dll
0x00007ffe6e000000 - 0x00007ffe6e878000 	C:\Windows\System32\SHELL32.dll
0x00007ffe6a970000 - 0x00007ffe6b278000 	C:\Windows\SYSTEM32\windows.storage.dll
0x00007ffe6a830000 - 0x00007ffe6a96f000 	C:\Windows\SYSTEM32\wintypes.dll
0x00007ffe6ecc0000 - 0x00007ffe6edba000 	C:\Windows\System32\SHCORE.dll
0x00007ffe6ee50000 - 0x00007ffe6eeae000 	C:\Windows\System32\shlwapi.dll
0x00007ffe6c9b0000 - 0x00007ffe6c9db000 	C:\Windows\SYSTEM32\profapi.dll
0x00007ffe46d90000 - 0x00007ffe46da0000 	C:\Program Files\Android\Android Studio\jbr\bin\net.dll
0x00007ffe68460000 - 0x00007ffe68596000 	C:\Windows\SYSTEM32\WINHTTP.dll
0x00007ffe6bef0000 - 0x00007ffe6bf59000 	C:\Windows\system32\mswsock.dll
0x00007ffe43c50000 - 0x00007ffe43c66000 	C:\Program Files\Android\Android Studio\jbr\bin\nio.dll
0x00007ffe44b00000 - 0x00007ffe44b10000 	C:\Program Files\Android\Android Studio\jbr\bin\verify.dll
0x00007ffe1ddc0000 - 0x00007ffe1dde7000 	C:\Users\china\.gradle\native\c067742578af261105cb4f569cf0c3c89f3d7b1fecec35dd04571415982c5e48\windows-amd64\native-platform.dll
0x00007ffe14030000 - 0x00007ffe14174000 	C:\Users\china\.gradle\native\100fb08df4bc3b14c8652ba06237920a3bd2aa13389f12d3474272988ae205f9\windows-amd64\native-platform-file-events.dll
0x00007ffe466c0000 - 0x00007ffe466c9000 	C:\Program Files\Android\Android Studio\jbr\bin\management.dll
0x00007ffe46510000 - 0x00007ffe4651b000 	C:\Program Files\Android\Android Studio\jbr\bin\management_ext.dll
0x00007ffe6f550000 - 0x00007ffe6f558000 	C:\Windows\System32\PSAPI.DLL
0x00007ffe6c1e0000 - 0x00007ffe6c1fb000 	C:\Windows\SYSTEM32\CRYPTSP.dll
0x00007ffe6b9e0000 - 0x00007ffe6ba15000 	C:\Windows\system32\rsaenh.dll
0x00007ffe6bf90000 - 0x00007ffe6bfb8000 	C:\Windows\SYSTEM32\USERENV.dll
0x00007ffe6c0f0000 - 0x00007ffe6c0fc000 	C:\Windows\SYSTEM32\CRYPTBASE.dll
0x00007ffe6b4e0000 - 0x00007ffe6b50d000 	C:\Windows\SYSTEM32\IPHLPAPI.DLL
0x00007ffe6de30000 - 0x00007ffe6de39000 	C:\Windows\System32\NSI.dll
0x00007ffe46d60000 - 0x00007ffe46d69000 	C:\Program Files\Android\Android Studio\jbr\bin\extnet.dll
0x00007ffe447a0000 - 0x00007ffe447a8000 	C:\Windows\system32\wshunix.dll

dbghelp: loaded successfully - version: 4.0.5 - missing functions: none
symbol engine: initialized successfully - sym options: 0x614 - pdb path: .;C:\Program Files\Android\Android Studio\jbr\bin;C:\Windows\SYSTEM32;C:\Windows\WinSxS\amd64_microsoft.windows.common-controls_6595b64144ccf1df_6.0.22621.4541_none_2710d1c57384c085;C:\Program Files\Android\Android Studio\jbr\bin\server;C:\Users\china\.gradle\native\c067742578af261105cb4f569cf0c3c89f3d7b1fecec35dd04571415982c5e48\windows-amd64;C:\Users\china\.gradle\native\100fb08df4bc3b14c8652ba06237920a3bd2aa13389f12d3474272988ae205f9\windows-amd64

VM Arguments:
jvm_args: --add-opens=java.base/java.util=ALL-UNNAMED --add-opens=java.base/java.lang=ALL-UNNAMED --add-opens=java.base/java.lang.invoke=ALL-UNNAMED --add-opens=java.prefs/java.util.prefs=ALL-UNNAMED --add-exports=jdk.compiler/com.sun.tools.javac.api=ALL-UNNAMED --add-exports=jdk.compiler/com.sun.tools.javac.util=ALL-UNNAMED --add-opens=java.base/java.nio.charset=ALL-UNNAMED --add-opens=java.base/java.net=ALL-UNNAMED --add-opens=java.base/java.util.concurrent.atomic=ALL-UNNAMED -Xmx2048m -Dfile.encoding=UTF-8 -Duser.country=IE -Duser.language=en -Duser.variant -javaagent:C:\Users\china\.gradle\wrapper\dists\gradle-8.9-bin\90cnw93cvbtalezasaz0blq0a\gradle-8.9\lib\agents\gradle-instrumentation-agent-8.9.jar 
java_command: org.gradle.launcher.daemon.bootstrap.GradleDaemon 8.9
java_class_path (initial): C:\Users\china\.gradle\wrapper\dists\gradle-8.9-bin\90cnw93cvbtalezasaz0blq0a\gradle-8.9\lib\gradle-daemon-main-8.9.jar
Launcher Type: SUN_STANDARD

[Global flags]
     intx CICompilerCount                          = 4                                         {product} {ergonomic}
     uint ConcGCThreads                            = 3                                         {product} {ergonomic}
     uint G1ConcRefinementThreads                  = 10                                        {product} {ergonomic}
   size_t G1HeapRegionSize                         = 1048576                                   {product} {ergonomic}
    uintx GCDrainStackTargetSize                   = 64                                        {product} {ergonomic}
   size_t InitialHeapSize                          = 130023424                                 {product} {ergonomic}
   size_t MarkStackSize                            = 4194304                                   {product} {ergonomic}
   size_t MaxHeapSize                              = 2147483648                                {product} {command line}
   size_t MaxNewSize                               = 1287651328                                {product} {ergonomic}
   size_t MinHeapDeltaBytes                        = 1048576                                   {product} {ergonomic}
   size_t MinHeapSize                              = 8388608                                   {product} {ergonomic}
    uintx NonNMethodCodeHeapSize                   = 5839372                                {pd product} {ergonomic}
    uintx NonProfiledCodeHeapSize                  = 122909434                              {pd product} {ergonomic}
    uintx ProfiledCodeHeapSize                     = 122909434                              {pd product} {ergonomic}
    uintx ReservedCodeCacheSize                    = 251658240                              {pd product} {ergonomic}
     bool SegmentedCodeCache                       = true                                      {product} {ergonomic}
   size_t SoftMaxHeapSize                          = 2147483648                             {manageable} {ergonomic}
     bool UseCompressedOops                        = true                           {product lp64_product} {ergonomic}
     bool UseG1GC                                  = true                                      {product} {ergonomic}
     bool UseLargePagesIndividualAllocation        = false                                  {pd product} {ergonomic}

Logging:
Log output configuration:
 #0: stdout all=warning uptime,level,tags foldmultilines=false
 #1: stderr all=off uptime,level,tags foldmultilines=false

Environment Variables:
PATH=C:\Program Files\Microsoft\jdk-11.0.16.101-hotspot\bin;C:\Windows\system32;C:\Windows;C:\Windows\System32\Wbem;C:\Windows\System32\WindowsPowerShell\v1.0\;C:\Windows\System32\OpenSSH\;C:\Program Files\Microsoft SQL Server\150\Tools\Binn\;C:\Program Files\dotnet\;C:\Program Files (x86)\Windows Kits\10\Windows Performance Toolkit\;C:\Program Files\Git\cmd;C:\Program Files\Docker\Docker\resources\bin;C:\Users\china\AppData\Local\Microsoft\WindowsApps;C:\Users\china\.dotnet\tools;C:\Users\china\AppData\Local\GitHubDesktop\bin;C:\Users\china\AppData\Local\Programs\Microsoft VS Code\bin;C:\Users\china\AppData\Local\Programs\Azure Data Studio\bin
USERNAME=china
OS=Windows_NT
PROCESSOR_IDENTIFIER=Intel64 Family 6 Model 154 Stepping 4, GenuineIntel
TMP=C:\Users\china\AppData\Local\Temp
TEMP=C:\Users\china\AppData\Local\Temp




Periodic native trim disabled

JNI global refs:
JNI global refs: 24, weak refs: 2

JNI global refs memory usage: 835, weak refs: 833

Process memory usage:
Resident Set Size: 39464K (0% of 8106488K total physical memory with 9472K free physical memory)

OOME stack traces (most recent first):
Classloader memory used:
Loader org.gradle.internal.classloader.VisitableURLClassLoader                         : 18642K
Loader bootstrap                                                                       : 18490K
Loader org.gradle.initialization.MixInLegacyTypesClassLoader                           : 4133K
Loader jdk.internal.loader.ClassLoaders$AppClassLoader                                 : 230K
Loader jdk.internal.loader.ClassLoaders$PlatformClassLoader                            : 131K

Classes loaded by more than one classloader:
Class org.gradle.internal.classloader.FilteringClassLoader                            : loaded 2 times (x 102B)
Class org.gradle.internal.classloader.ClassLoaderHierarchy                            : loaded 2 times (x 67B)
Class org.gradle.api.internal.classpath.ManifestUtil                                  : loaded 2 times (x 68B)
Class org.gradle.internal.classloader.DefaultClassLoaderFactory                       : loaded 2 times (x 79B)
Class org.gradle.internal.classloader.ClassLoaderVisitor                              : loaded 2 times (x 73B)
Class org.gradle.api.internal.classpath.EffectiveClassPath                            : loaded 2 times (x 87B)
Class org.gradle.api.internal.DefaultClassPathProvider                                : loaded 2 times (x 73B)
Class [Lorg.gradle.api.internal.ClassPathProvider;                                    : loaded 2 times (x 66B)
Class org.gradle.api.internal.ClassPathProvider                                       : loaded 2 times (x 67B)
Class org.gradle.internal.service.UnknownServiceException                             : loaded 2 times (x 80B)
Class org.gradle.internal.classpath.TransformedClassPath                              : loaded 2 times (x 93B)
Class org.gradle.internal.service.ServiceLocator                                      : loaded 2 times (x 67B)
Class org.gradle.internal.InternalTransformer                                         : loaded 2 times (x 67B)
Class org.gradle.internal.classloader.ClasspathUtil$1                                 : loaded 2 times (x 73B)
Class org.gradle.api.internal.classpath.DefaultModuleRegistry$DefaultModule           : loaded 2 times (x 83B)
Class org.gradle.api.internal.classpath.Module                                        : loaded 2 times (x 67B)
Class org.gradle.api.internal.classpath.UnknownModuleException                        : loaded 2 times (x 79B)
Class org.gradle.api.internal.DefaultClassPathRegistry                                : loaded 2 times (x 73B)
Class org.gradle.api.internal.ClassPathRegistry                                       : loaded 2 times (x 67B)
Class org.gradle.internal.classpath.DefaultClassPath$ImmutableUniqueList              : loaded 2 times (x 196B)
Class org.gradle.internal.classpath.ClassPath                                         : loaded 2 times (x 67B)
Class org.gradle.api.UncheckedIOException                                             : loaded 2 times (x 79B)
Class org.gradle.internal.installation.GradleInstallation$1                           : loaded 2 times (x 72B)
Class org.gradle.api.internal.classpath.ModuleRegistry                                : loaded 2 times (x 67B)
Class org.gradle.api.internal.classpath.DefaultModuleRegistry                         : loaded 2 times (x 80B)
Class org.gradle.internal.service.ServiceLookupException                              : loaded 2 times (x 79B)
Class org.gradle.internal.classloader.ClassLoaderFactory                              : loaded 2 times (x 67B)
Class org.gradle.internal.service.CachingServiceLocator                               : loaded 2 times (x 79B)
Class org.gradle.internal.classloader.ClasspathUtil                                   : loaded 2 times (x 68B)
Class org.gradle.api.specs.Spec                                                       : loaded 2 times (x 67B)
Class org.gradle.internal.classloader.VisitableURLClassLoader$InstrumentingVisitableURLClassLoader: loaded 2 times (x 120B)
Class org.gradle.internal.classloader.VisitableURLClassLoader$Spec                    : loaded 2 times (x 71B)
Class org.gradle.internal.classpath.DefaultClassPath                                  : loaded 2 times (x 87B)
Class org.gradle.internal.classloader.ClassLoaderSpec                                 : loaded 2 times (x 68B)
Class org.gradle.internal.classloader.VisitableURLClassLoader                         : loaded 2 times (x 114B)
Class org.gradle.internal.Cast                                                        : loaded 2 times (x 68B)
Class org.gradle.api.Action                                                           : loaded 2 times (x 67B)
Class org.gradle.internal.agents.InstrumentingClassLoader                             : loaded 2 times (x 67B)
Class org.gradle.internal.classpath.DefaultClassPath$ImmutableUniqueList$Builder      : loaded 2 times (x 72B)
Class org.gradle.api.GradleException                                                  : loaded 2 times (x 79B)
Class org.gradle.internal.IoActions                                                   : loaded 2 times (x 68B)
Class org.gradle.internal.classloader.SystemClassLoaderSpec                           : loaded 2 times (x 68B)
Class org.gradle.internal.installation.CurrentGradleInstallationLocator               : loaded 2 times (x 68B)
Class org.gradle.internal.service.DefaultServiceLocator                               : loaded 2 times (x 80B)
Class org.gradle.internal.installation.CurrentGradleInstallation                      : loaded 2 times (x 70B)
Class org.gradle.util.internal.GUtil                                                  : loaded 2 times (x 68B)
Class org.gradle.internal.installation.GradleInstallation                             : loaded 2 times (x 72B)

---------------  S Y S T E M  ---------------

OS:
 Windows 11 , 64 bit Build 22621 (10.0.22621.4391)
OS uptime: 4 days 10:26 hours
Hyper-V role detected

CPU: total 12 (initial active 12) (6 cores per cpu, 2 threads per core) family 6 model 154 stepping 4 microcode 0x424, cx8, cmov, fxsr, ht, mmx, 3dnowpref, sse, sse2, sse3, ssse3, sse4.1, sse4.2, popcnt, lzcnt, tsc, tscinvbit, avx, avx2, aes, erms, clmul, bmi1, bmi2, adx, sha, fma, vzeroupper, clflush, clflushopt, clwb, hv, serialize, rdtscp, rdpid, fsrm, f16c, cet_ibt, cet_ss
Processor Information for processor 0
  Max Mhz: 1700, Current Mhz: 1700, Mhz Limit: 1700
Processor Information for processor 1
  Max Mhz: 1700, Current Mhz: 1700, Mhz Limit: 1700
Processor Information for processor 2
  Max Mhz: 1700, Current Mhz: 1700, Mhz Limit: 1700
Processor Information for processor 3
  Max Mhz: 1700, Current Mhz: 1700, Mhz Limit: 1700
Processor Information for processor 4
  Max Mhz: 1200, Current Mhz: 1200, Mhz Limit: 1200
Processor Information for processor 5
  Max Mhz: 1200, Current Mhz: 1200, Mhz Limit: 1200
Processor Information for processor 6
  Max Mhz: 1200, Current Mhz: 1200, Mhz Limit: 1200
Processor Information for processor 7
  Max Mhz: 1200, Current Mhz: 1200, Mhz Limit: 1200
Processor Information for processor 8
  Max Mhz: 1200, Current Mhz: 1200, Mhz Limit: 1200
Processor Information for processor 9
  Max Mhz: 1200, Current Mhz: 1200, Mhz Limit: 1200
Processor Information for processor 10
  Max Mhz: 1200, Current Mhz: 1200, Mhz Limit: 1200
Processor Information for processor 11
  Max Mhz: 1200, Current Mhz: 1200, Mhz Limit: 1200

Memory: 4k page, system-wide physical 7916M (10M free)
TotalPageFile size 32492M (AvailPageFile size 0M)
current process WorkingSet (physical memory assigned to process): 46M, peak: 151M
current process commit charge ("private bytes"): 284M, peak: 285M

vm_info: OpenJDK 64-Bit Server VM (21.0.3+-12282718-b509.11) for windows-amd64 JRE (21.0.3+-12282718-b509.11), built on 2024-08-27T17:34:15Z by "builder" with MS VC++ 16.10 / 16.11 (VS2019)

END.
